Mon Dec 20 2021 18:16:19 GMT+0300 (Москва, стандартное время)==>They cook ==> Wrong
Mon Dec 20 2021 18:16:35 GMT+0300 (Москва, стандартное время)==>She allows ==> Correctly
Mon Dec 20 2021 18:20:29 GMT+0300 (Москва, стандартное время)==>They copy ==> Correctly
Mon Dec 20 2021 18:20:35 GMT+0300 (Москва, стандартное время)==>I love ==> Wrong
Mon Dec 20 2021 18:25:39 GMT+0300 (Москва, стандартное время)==>They allow ==> Correctly
Mon Dec 20 2021 18:26:12 GMT+0300 (Москва, стандартное время)==>I change ==> Correctly
Mon Dec 20 2021 18:26:36 GMT+0300 (Москва, стандартное время)==>You allow ==> Correctly
Mon Dec 20 2021 18:26:50 GMT+0300 (Москва, стандартное время)==>He cook ==> Wrong
Mon Dec 20 2021 18:29:19 GMT+0300 (Москва, стандартное время)==>I allow ==> Correctly
Mon Dec 20 2021 18:29:54 GMT+0300 (Москва, стандартное время)==>They change ==> Correctly
Mon Dec 20 2021 18:30:42 GMT+0300 (Москва, стандартное время)==>You borrow ==> Correctly
Mon Dec 20 2021 18:31:17 GMT+0300 (Москва, стандартное время)==>He angees ==> Wrong
Mon Dec 20 2021 18:31:50 GMT+0300 (Москва, стандартное время)==>You ask ==> Correctly
Mon Dec 20 2021 18:31:59 GMT+0300 (Москва, стандартное время)==>He asks ==> Correctly
Mon Dec 20 2021 18:32:01 GMT+0300 (Москва, стандартное время)==> ==> Wrong
Mon Dec 20 2021 18:33:03 GMT+0300 (Москва, стандартное время)==>We love ==> Correctly
Mon Dec 20 2021 18:33:58 GMT+0300 (Москва, стандартное время)==>I close ==> Correctly
Mon Dec 20 2021 18:34:46 GMT+0300 (Москва, стандартное время)==>They borrow ==> Correctly
Mon Dec 20 2021 18:35:19 GMT+0300 (Москва, стандартное время)==>They borrow ==> Wrong
Mon Dec 20 2021 18:35:29 GMT+0300 (Москва, стандартное время)==>I love ==> Correctly
Mon Dec 20 2021 18:36:38 GMT+0300 (Москва, стандартное время)==>He ansvers ==> Wrong
Mon Dec 20 2021 18:36:52 GMT+0300 (Москва, стандартное время)==>You believe ==> Correctly
Mon Dec 20 2021 18:38:22 GMT+0300 (Москва, стандартное время)==>They close ==> Correctly
Mon Dec 20 2021 18:41:21 GMT+0300 (Москва, стандартное время)==>I cook ==> Correctly
Mon Dec 20 2021 18:41:34 GMT+0300 (Москва, стандартное время)==>She asks ==> Correctly
Mon Dec 20 2021 18:45:00 GMT+0300 (Москва, стандартное время)==>He asks ==> Correctly
Mon Dec 20 2021 18:45:27 GMT+0300 (Москва, стандартное время)==>You change ==> Correctly
Mon Dec 20 2021 18:46:54 GMT+0300 (Москва, стандартное время)==>You фдщщц ==> Wrong
Mon Dec 20 2021 18:47:45 GMT+0300 (Москва, стандартное время)==>I believe ==> Correctly
Mon Dec 20 2021 18:48:00 GMT+0300 (Москва, стандартное время)==>He borrows ==> Correctly
Mon Dec 20 2021 18:48:44 GMT+0300 (Москва, стандартное время)==>She allows ==> Correctly
Mon Dec 20 2021 18:49:21 GMT+0300 (Москва, стандартное время)==>You answer ==> Correctly
Mon Dec 20 2021 18:49:40 GMT+0300 (Москва, стандартное время)==>We beliewe ==> Wrong
Mon Dec 20 2021 18:51:09 GMT+0300 (Москва, стандартное время)==>She believes ==> Correctly
Mon Dec 20 2021 18:51:21 GMT+0300 (Москва, стандартное время)==>She copys ==> Correctly
Mon Dec 20 2021 18:56:12 GMT+0300 (Москва, стандартное время)==>She answers ==> Correctly
Mon Dec 20 2021 18:58:58 GMT+0300 (Москва, стандартное время)==>They borrow ==> Wrong
Mon Dec 20 2021 19:00:16 GMT+0300 (Москва, стандартное время)==>She allows ==> Correctly
Mon Dec 20 2021 19:01:07 GMT+0300 (Москва, стандартное время)==>I love ==> Correctly
Mon Dec 20 2021 19:01:19 GMT+0300 (Москва, стандартное время)==>They copy ==> Correctly
Mon Dec 20 2021 19:01:31 GMT+0300 (Москва, стандартное время)==>We borrow ==> Correctly
Mon Dec 20 2021 19:01:49 GMT+0300 (Москва, стандартное время)==>They cahge ==> Wrong
Mon Dec 20 2021 19:02:30 GMT+0300 (Москва, стандартное время)==> ==> Wrong
Mon Dec 20 2021 19:02:32 GMT+0300 (Москва, стандартное время)==> ==> Wrong
Mon Dec 20 2021 19:02:33 GMT+0300 (Москва, стандартное время)==> ==> Wrong
Mon Dec 20 2021 19:02:33 GMT+0300 (Москва, стандартное время)==> ==> Wrong
Mon Dec 20 2021 19:02:34 GMT+0300 (Москва, стандартное время)==> ==> Wrong
Mon Dec 20 2021 19:02:34 GMT+0300 (Москва, стандартное время)==> ==> Wrong
Mon Dec 20 2021 19:02:34 GMT+0300 (Москва, стандартное время)==> ==> Wrong
Mon Dec 20 2021 19:02:34 GMT+0300 (Москва, стандартное время)==> ==> Wrong
Mon Dec 20 2021 19:02:34 GMT+0300 (Москва, стандартное время)==> ==> Wrong
Mon Dec 20 2021 19:02:35 GMT+0300 (Москва, стандартное время)==> ==> Wrong
Mon Dec 20 2021 19:02:35 GMT+0300 (Москва, стандартное время)==> ==> Wrong
Mon Dec 20 2021 19:02:45 GMT+0300 (Москва, стандартное время)==> ==> Wrong
Mon Dec 20 2021 19:02:46 GMT+0300 (Москва, стандартное время)==> ==> Wrong
Mon Dec 20 2021 19:02:46 GMT+0300 (Москва, стандартное время)==> ==> Wrong
Mon Dec 20 2021 19:02:47 GMT+0300 (Москва, стандартное время)==> ==> Wrong
Mon Dec 20 2021 19:02:47 GMT+0300 (Москва, стандартное время)==> ==> Wrong
Mon Dec 20 2021 19:02:48 GMT+0300 (Москва, стандартное время)==> ==> Wrong
Mon Dec 20 2021 19:02:48 GMT+0300 (Москва, стандартное время)==> ==> Wrong
Mon Dec 20 2021 19:02:48 GMT+0300 (Москва, стандартное время)==> ==> Wrong
Mon Dec 20 2021 19:02:48 GMT+0300 (Москва, стандартное время)==> ==> Wrong
Mon Dec 20 2021 19:02:49 GMT+0300 (Москва, стандартное время)==> ==> Wrong
Mon Dec 20 2021 19:02:49 GMT+0300 (Москва, стандартное время)==> ==> Wrong
Mon Dec 20 2021 19:02:49 GMT+0300 (Москва, стандартное время)==> ==> Wrong
Mon Dec 20 2021 19:02:49 GMT+0300 (Москва, стандартное время)==> ==> Wrong
Mon Dec 20 2021 19:02:50 GMT+0300 (Москва, стандартное время)==> ==> Wrong
Mon Dec 20 2021 19:02:50 GMT+0300 (Москва, стандартное время)==> ==> Wrong
Mon Dec 20 2021 19:02:50 GMT+0300 (Москва, стандартное время)==> ==> Wrong
Mon Dec 20 2021 19:02:50 GMT+0300 (Москва, стандартное время)==> ==> Wrong
Mon Dec 20 2021 19:02:51 GMT+0300 (Москва, стандартное время)==> ==> Wrong
Mon Dec 20 2021 19:02:51 GMT+0300 (Москва, стандартное время)==> ==> Wrong
Mon Dec 20 2021 19:02:51 GMT+0300 (Москва, стандартное время)==> ==> Wrong
Mon Dec 20 2021 19:02:51 GMT+0300 (Москва, стандартное время)==> ==> Wrong
Mon Dec 20 2021 19:02:52 GMT+0300 (Москва, стандартное время)==> ==> Wrong
Mon Dec 20 2021 19:02:52 GMT+0300 (Москва, стандартное время)==> ==> Wrong
Mon Dec 20 2021 19:02:52 GMT+0300 (Москва, стандартное время)==> ==> Wrong
Mon Dec 20 2021 19:02:52 GMT+0300 (Москва, стандартное время)==> ==> Wrong
Mon Dec 20 2021 19:02:52 GMT+0300 (Москва, стандартное время)==> ==> Wrong
Mon Dec 20 2021 19:02:53 GMT+0300 (Москва, стандартное время)==> ==> Wrong
Mon Dec 20 2021 19:02:53 GMT+0300 (Москва, стандартное время)==> ==> Wrong
Mon Dec 20 2021 19:02:53 GMT+0300 (Москва, стандартное время)==> ==> Wrong
Mon Dec 20 2021 19:02:53 GMT+0300 (Москва, стандартное время)==> ==> Wrong
Mon Dec 20 2021 19:02:54 GMT+0300 (Москва, стандартное время)==> ==> Wrong
Mon Dec 20 2021 19:02:54 GMT+0300 (Москва, стандартное время)==> ==> Wrong
Mon Dec 20 2021 19:02:54 GMT+0300 (Москва, стандартное время)==> ==> Wrong
Mon Dec 20 2021 19:02:54 GMT+0300 (Москва, стандартное время)==> ==> Wrong
Mon Dec 20 2021 19:02:55 GMT+0300 (Москва, стандартное время)==> ==> Wrong
Mon Dec 20 2021 19:02:55 GMT+0300 (Москва, стандартное время)==> ==> Wrong
Mon Dec 20 2021 19:02:55 GMT+0300 (Москва, стандартное время)==> ==> Wrong
Mon Dec 20 2021 19:02:55 GMT+0300 (Москва, стандартное время)==> ==> Wrong
Mon Dec 20 2021 19:02:55 GMT+0300 (Москва, стандартное время)==> ==> Wrong
Mon Dec 20 2021 19:02:56 GMT+0300 (Москва, стандартное время)==> ==> Wrong
Mon Dec 20 2021 19:02:56 GMT+0300 (Москва, стандартное время)==> ==> Wrong
Mon Dec 20 2021 20:53:40 GMT+0300 (Москва, стандартное время)==>I allow ==> Correctly
Mon Dec 20 2021 20:53:52 GMT+0300 (Москва, стандартное время)==>I copy ==> Correctly
Mon Dec 20 2021 20:54:10 GMT+0300 (Москва, стандартное время)==>She copys ==> Correctly
Mon Dec 20 2021 20:54:23 GMT+0300 (Москва, стандартное время)==>He changes ==> Correctly
Tue Dec 21 2021 14:16:26 GMT+0300 (Москва, стандартное время)==>You answer ==> Correctly
Tue Dec 21 2021 14:16:40 GMT+0300 (Москва, стандартное время)==>They allow ==> Wrong
Tue Dec 21 2021 14:17:15 GMT+0300 (Москва, стандартное время)==>He agrees ==> Correctly
Tue Dec 21 2021 14:17:25 GMT+0300 (Москва, стандартное время)==>I believe ==> Correctly
Tue Dec 21 2021 14:29:04 GMT+0300 (Москва, стандартное время)==>We borrow ==> Correctly
Tue Dec 21 2021 14:29:47 GMT+0300 (Москва, стандартное время)==> ==> Wrong
Tue Dec 21 2021 14:29:48 GMT+0300 (Москва, стандартное время)==> ==> Wrong
Tue Dec 21 2021 14:29:48 GMT+0300 (Москва, стандартное время)==> ==> Wrong
Tue Dec 21 2021 14:29:49 GMT+0300 (Москва, стандартное время)==> ==> Wrong
Tue Dec 21 2021 14:29:50 GMT+0300 (Москва, стандартное время)==> ==> Wrong
Tue Dec 21 2021 14:29:51 GMT+0300 (Москва, стандартное время)==> ==> Wrong
Tue Dec 21 2021 14:29:52 GMT+0300 (Москва, стандартное время)==> ==> Wrong
Tue Dec 21 2021 14:29:53 GMT+0300 (Москва, стандартное время)==> ==> Wrong
Thu Dec 30 2021 17:30:24 GMT+0300 (Москва, стандартное время)==>I borrow ==> Correctly
Thu Dec 30 2021 17:30:35 GMT+0300 (Москва, стандартное время)==>I close ==> Correctly
Thu Dec 30 2021 17:30:42 GMT+0300 (Москва, стандартное время)==>I copy ==> Correctly
Mon Jan 24 2022 09:16:00 GMT+0300 (Москва, стандартное время)==>We booroow ==> Wrong
Mon Jan 24 2022 09:16:26 GMT+0300 (Москва, стандартное время)==>We loves ==> Wrong
Mon Jan 24 2022 09:16:40 GMT+0300 (Москва, стандартное время)==>He loves ==> Correctly
Mon Jan 24 2022 09:16:53 GMT+0300 (Москва, стандартное время)==>He copy ==> Wrong
Wed Mar 16 2022 10:21:23 GMT+0300 (Москва, стандартное время)==>You belive ==> Wrong
Wed Mar 16 2022 10:21:39 GMT+0300 (Москва, стандартное время)==>I speak ==> Wrong
Wed Mar 16 2022 10:21:54 GMT+0300 (Москва, стандартное время)==>We beliewe ==> Wrong
Wed Mar 16 2022 10:22:04 GMT+0300 (Москва, стандартное время)==>I ask ==> Correctly
Wed Aug 24 2022 19:49:25 GMT+0300 (Москва, стандартное время)==>i copy ==> Wrong
Wed Aug 24 2022 19:49:40 GMT+0300 (Москва, стандартное время)==>We answer ==> Correctly
Wed Aug 24 2022 19:49:52 GMT+0300 (Москва, стандартное время)==>He ask ==> Wrong
Wed Aug 24 2022 19:50:02 GMT+0300 (Москва, стандартное время)==>He answers ==> Wrong
Wed Aug 24 2022 19:50:17 GMT+0300 (Москва, стандартное время)==>She belives ==> Wrong
Wed Aug 24 2022 19:50:31 GMT+0300 (Москва, стандартное время)==>She cooks ==> Correctly
Wed Aug 24 2022 19:50:41 GMT+0300 (Москва, стандартное время)==>He agrees ==> Correctly
Wed Aug 24 2022 19:50:53 GMT+0300 (Москва, стандартное время)==>I allow ==> Correctly
Wed Aug 24 2022 19:51:02 GMT+0300 (Москва, стандартное время)==>She closes ==> Correctly
Wed Aug 24 2022 19:51:12 GMT+0300 (Москва, стандартное время)==>She belive ==> Wrong
Thu Nov 03 2022 12:58:18 GMT+0300 (Москва, стандартное время)==>She changes ==> Correctly
Thu Nov 03 2022 13:06:58 GMT+0300 (Москва, стандартное время)==>We copy ==> Correctly
